10.07.2025 22:20:44: Added: /home/gabrys/Pulpit/original/wp2252094-persian-cat-wallpapers.jpg
10.07.2025 22:20:44: Added: /home/gabrys/Pulpit/original/wp2656937.png
10.07.2025 22:20:44: Added: /home/gabrys/Pulpit/original/bat.png
10.07.2025 22:22:41: Added: /home/gabrys/Pulpit/original/asd/anna.txt
10.07.2025 22:22:41: Added: /home/gabrys/Pulpit/original/bat.png
10.07.2025 22:22:41: Added: /home/gabrys/Pulpit/original/fire-folder/extreme cat.jpg
10.07.2025 22:22:41: Added: /home/gabrys/Pulpit/original/fire-folder/good job!/hello.txt
10.07.2025 22:22:41: Added: /home/gabrys/Pulpit/original/wp2252094-persian-cat-wallpapers.jpg
10.07.2025 22:22:41: Added: /home/gabrys/Pulpit/original/wp2656937.png
10.07.2025 22:23:20: Added: /home/gabrys/Pulpit/original/asd/anna.txt
10.07.2025 22:23:20: Added: /home/gabrys/Pulpit/original/bat.png
10.07.2025 22:23:20: Added: /home/gabrys/Pulpit/original/fire-folder/extreme cat.jpg
10.07.2025 22:23:20: Added: /home/gabrys/Pulpit/original/fire-folder/good job!/hello.txt
10.07.2025 22:23:20: Added: /home/gabrys/Pulpit/original/wp2252094-persian-cat-wallpapers.jpg
10.07.2025 22:23:20: Added: /home/gabrys/Pulpit/original/wp2656937.png
10.07.2025 22:57:45: Added: /home/gabrys/Pulpit/original/asd/anna.txt
10.07.2025 22:57:45: Added: /home/gabrys/Pulpit/original/bat.png
10.07.2025 22:57:45: Added: /home/gabrys/Pulpit/original/fire-folder/extreme cat.jpg
10.07.2025 22:57:45: Added: /home/gabrys/Pulpit/original/fire-folder/good job!/hello.txt
10.07.2025 22:57:45: Added: /home/gabrys/Pulpit/original/wp2252094-persian-cat-wallpapers.jpg
10.07.2025 22:57:45: Added: /home/gabrys/Pulpit/original/wp2656937.png
10.07.2025 22:58:10: Added: /home/gabrys/Pulpit/original/asd/anna.txt
10.07.2025 22:58:10: Added: /home/gabrys/Pulpit/original/bat.png
10.07.2025 22:58:10: Added: /home/gabrys/Pulpit/original/fire-folder/extreme cat.jpg
10.07.2025 22:58:10: Added: /home/gabrys/Pulpit/original/fire-folder/good job!/hello.txt
10.07.2025 22:58:10: Added: /home/gabrys/Pulpit/original/wp2252094-persian-cat-wallpapers.jpg
10.07.2025 22:58:10: Added: /home/gabrys/Pulpit/original/wp2656937.png
11.07.2025 07:42:37: Added: /asd/anna.txt
11.07.2025 07:42:37: Error copying file /asd/anna.txt: Could not find a part of the path '/asd/anna.txt'.
11.07.2025 07:42:37: Added: /fire-folder/extreme cat.jpg
11.07.2025 07:42:37: Error copying file /fire-folder/extreme cat.jpg: Could not find a part of the path '/fire-folder/extreme cat.jpg'.
11.07.2025 07:42:37: Added: /fire-folder/good job!/hello.txt
11.07.2025 07:42:37: Error copying file /fire-folder/good job!/hello.txt: Could not find a part of the path '/fire-folder/good job!/hello.txt'.
11.07.2025 07:45:28: Added: asd/anna.txt
11.07.2025 07:45:28: Error copying file asd/anna.txt: Could not find a part of the path '/home/gabrys/Pulpit/folder-replicator/asd/anna.txt'.
11.07.2025 07:45:28: Added: bat.png
11.07.2025 07:45:28: Error copying file bat.png: Could not find file '/home/gabrys/Pulpit/folder-replicator/bat.png'.
11.07.2025 07:45:28: Added: fire-folder/extreme cat.jpg
11.07.2025 07:45:28: Error copying file fire-folder/extreme cat.jpg: Could not find a part of the path '/home/gabrys/Pulpit/folder-replicator/fire-folder/extreme cat.jpg'.
11.07.2025 07:45:28: Added: fire-folder/good job!/hello.txt
11.07.2025 07:45:28: Error copying file fire-folder/good job!/hello.txt: Could not find a part of the path '/home/gabrys/Pulpit/folder-replicator/fire-folder/good job!/hello.txt'.
11.07.2025 07:45:28: Added: wp2252094-persian-cat-wallpapers.jpg
11.07.2025 07:45:28: Error copying file wp2252094-persian-cat-wallpapers.jpg: Could not find file '/home/gabrys/Pulpit/folder-replicator/wp2252094-persian-cat-wallpapers.jpg'.
11.07.2025 07:45:28: Added: wp2656937.png
11.07.2025 07:45:28: Error copying file wp2656937.png: Could not find file '/home/gabrys/Pulpit/folder-replicator/wp2656937.png'.
11.07.2025 07:47:04: Added: asd/anna.txt
11.07.2025 07:47:04: Error copying file asd/anna.txt: Could not find a part of the path '/home/gabrys/Pulpit/folder-replicator/asd/anna.txt'.
11.07.2025 07:47:04: Added: bat.png
11.07.2025 07:47:04: Error copying file bat.png: Could not find file '/home/gabrys/Pulpit/folder-replicator/bat.png'.
11.07.2025 07:47:04: Added: fire-folder/extreme cat.jpg
11.07.2025 07:47:04: Error copying file fire-folder/extreme cat.jpg: Could not find a part of the path '/home/gabrys/Pulpit/folder-replicator/fire-folder/extreme cat.jpg'.
11.07.2025 07:47:04: Added: fire-folder/good job!/hello.txt
11.07.2025 07:47:04: Error copying file fire-folder/good job!/hello.txt: Could not find a part of the path '/home/gabrys/Pulpit/folder-replicator/fire-folder/good job!/hello.txt'.
11.07.2025 07:47:04: Added: wp2252094-persian-cat-wallpapers.jpg
11.07.2025 07:47:04: Error copying file wp2252094-persian-cat-wallpapers.jpg: Could not find file '/home/gabrys/Pulpit/folder-replicator/wp2252094-persian-cat-wallpapers.jpg'.
11.07.2025 07:47:04: Added: wp2656937.png
11.07.2025 07:47:04: Error copying file wp2656937.png: Could not find file '/home/gabrys/Pulpit/folder-replicator/wp2656937.png'.
11.07.2025 07:49:06: Added: asd/anna.txt
11.07.2025 07:49:06: Error copying file asd/anna.txt: Could not find a part of the path '/home/gabrys/Pulpit/folder-replicator/asd/anna.txt'.
11.07.2025 07:49:06: Added: bat.png
11.07.2025 07:49:06: Error copying file bat.png: Could not find file '/home/gabrys/Pulpit/folder-replicator/bat.png'.
11.07.2025 07:49:06: Added: fire-folder/extreme cat.jpg
11.07.2025 07:49:06: Error copying file fire-folder/extreme cat.jpg: Could not find a part of the path '/home/gabrys/Pulpit/folder-replicator/fire-folder/extreme cat.jpg'.
11.07.2025 07:49:06: Added: fire-folder/good job!/hello.txt
11.07.2025 07:49:06: Error copying file fire-folder/good job!/hello.txt: Could not find a part of the path '/home/gabrys/Pulpit/folder-replicator/fire-folder/good job!/hello.txt'.
11.07.2025 07:49:06: Added: wp2252094-persian-cat-wallpapers.jpg
11.07.2025 07:49:06: Error copying file wp2252094-persian-cat-wallpapers.jpg: Could not find file '/home/gabrys/Pulpit/folder-replicator/wp2252094-persian-cat-wallpapers.jpg'.
11.07.2025 07:49:06: Added: wp2656937.png
11.07.2025 07:49:06: Error copying file wp2656937.png: Could not find file '/home/gabrys/Pulpit/folder-replicator/wp2656937.png'.
11.07.2025 07:49:45: Added: asd/anna.txt
11.07.2025 07:49:56: Error copying file asd/anna.txt: Could not find a part of the path '/home/gabrys/Pulpit/folder-replicator/asd/anna.txt'.
11.07.2025 07:50:02: Added: bat.png
11.07.2025 07:53:27: Added: asd/anna.txt
11.07.2025 07:55:35: Added: asd/anna.txt
11.07.2025 07:55:35: Error copying file asd/anna.txt: Could not find a part of the path '/home/gabrys/Pulpit/replica/asd/anna.txt'.
11.07.2025 07:55:35: Added: bat.png
11.07.2025 07:55:35: Added: fire-folder/extreme cat.jpg
11.07.2025 07:55:35: Error copying file fire-folder/extreme cat.jpg: Could not find a part of the path '/home/gabrys/Pulpit/replica/fire-folder/extreme cat.jpg'.
11.07.2025 07:55:35: Added: fire-folder/good job!/hello.txt
11.07.2025 07:55:35: Error copying file fire-folder/good job!/hello.txt: Could not find a part of the path '/home/gabrys/Pulpit/replica/fire-folder/good job!/hello.txt'.
11.07.2025 07:55:35: Added: wp2252094-persian-cat-wallpapers.jpg
11.07.2025 07:55:35: Added: wp2656937.png
11.07.2025 07:57:36: Added: asd/anna.txt
11.07.2025 07:57:36: Error copying file asd/anna.txt: Could not find a part of the path '/home/gabrys/Pulpit/replica/asd/anna.txt'.
11.07.2025 07:57:36: Added: fire-folder/extreme cat.jpg
11.07.2025 07:57:36: Error copying file fire-folder/extreme cat.jpg: Could not find a part of the path '/home/gabrys/Pulpit/replica/fire-folder/extreme cat.jpg'.
11.07.2025 07:57:36: Added: fire-folder/good job!/hello.txt
11.07.2025 07:57:36: Error copying file fire-folder/good job!/hello.txt: Could not find a part of the path '/home/gabrys/Pulpit/replica/fire-folder/good job!/hello.txt'.
11.07.2025 07:58:02: Added: asd/anna.txt
11.07.2025 07:58:02: Error copying file asd/anna.txt: Could not find a part of the path '/home/gabrys/Pulpit/replica/asd/anna.txt'.
11.07.2025 07:58:02: Added: fire-folder/extreme cat.jpg
11.07.2025 07:58:02: Error copying file fire-folder/extreme cat.jpg: Could not find a part of the path '/home/gabrys/Pulpit/replica/fire-folder/extreme cat.jpg'.
11.07.2025 07:58:02: Added: fire-folder/good job!/hello.txt
11.07.2025 07:58:02: Error copying file fire-folder/good job!/hello.txt: Could not find a part of the path '/home/gabrys/Pulpit/replica/fire-folder/good job!/hello.txt'.
11.07.2025 07:59:09: Added: asd/anna.txt
11.07.2025 07:59:09: Error copying file asd/anna.txt: Could not find a part of the path '/home/gabrys/Pulpit/replica/asd/anna.txt'.
11.07.2025 07:59:09: Added: fire-folder/extreme cat.jpg
11.07.2025 07:59:09: Error copying file fire-folder/extreme cat.jpg: Could not find a part of the path '/home/gabrys/Pulpit/replica/fire-folder/extreme cat.jpg'.
11.07.2025 07:59:09: Added: fire-folder/good job!/hello.txt
11.07.2025 07:59:09: Error copying file fire-folder/good job!/hello.txt: Could not find a part of the path '/home/gabrys/Pulpit/replica/fire-folder/good job!/hello.txt'.
11.07.2025 08:06:35: Added: asd
11.07.2025 08:06:35: Directory: asd copied successfully.
11.07.2025 08:06:35: Added: fire-folder
11.07.2025 08:06:35: Directory: fire-folder copied successfully.
11.07.2025 08:06:35: Added: asd/anna.txt
11.07.2025 08:06:35: File: asd/anna.txt copied successfully.
11.07.2025 08:06:35: Added: fire-folder/extreme cat.jpg
11.07.2025 08:06:35: File: fire-folder/extreme cat.jpg copied successfully.
11.07.2025 08:06:35: Added: fire-folder/good job!
11.07.2025 08:06:35: Directory: fire-folder/good job! copied successfully.
11.07.2025 08:06:35: Added: fire-folder/good job!/hello.txt
11.07.2025 08:06:35: File: fire-folder/good job!/hello.txt copied successfully.
11.07.2025 08:06:35: Added: fire-folder/good job!/i am empty
11.07.2025 08:06:35: Directory: fire-folder/good job!/i am empty copied successfully.
11.07.2025 08:15:28: File was added: fire-folder/extreme cat.jpg
11.07.2025 08:15:28: File: fire-folder/extreme cat.jpg was copied successfully.
11.07.2025 08:15:28: File was added: fire-folder/good job!
11.07.2025 08:15:28: Directory: fire-folder/good job! was copied successfully.
11.07.2025 08:15:28: File was added: fire-folder/good job!/hello.txt
11.07.2025 08:15:28: File: fire-folder/good job!/hello.txt was copied successfully.
11.07.2025 08:15:28: File was added: fire-folder/good job!/i am empty
11.07.2025 08:15:28: Directory: fire-folder/good job!/i am empty was copied successfully.
11.07.2025 08:21:14: File was deleted: anna.txt
11.07.2025 08:21:14: File: anna.txt was deleted successfully.
11.07.2025 08:21:14: File was deleted: extreme cat.jpg
11.07.2025 08:21:14: File: extreme cat.jpg was deleted successfully.
11.07.2025 08:21:14: File was deleted: hello.txt
11.07.2025 08:21:14: File: hello.txt was deleted successfully.
11.07.2025 09:05:51: Directory was added: New Folder
11.07.2025 09:05:51: Directory: /home/gabrys/Pulpit/replica/New Folder was copied successfully.
11.07.2025 09:05:51: File was added: cat.jpg
11.07.2025 09:05:51: File: /home/gabrys/Pulpit/original/cat.jpg was copied successfully to /home/gabrys/Pulpit/replica/cat.jpg.
11.07.2025 09:05:51: File was added: flower cat.png
11.07.2025 09:05:51: File: /home/gabrys/Pulpit/original/flower cat.png was copied successfully to /home/gabrys/Pulpit/replica/flower cat.png.
11.07.2025 09:05:51: File was added: New Folder/Emojis: 😊😊😊🦍.txt
11.07.2025 09:05:51: File: /home/gabrys/Pulpit/original/New Folder/Emojis: 😊😊😊🦍.txt was copied successfully to /home/gabrys/Pulpit/replica/New Folder/Emojis: 😊😊😊🦍.txt.
11.07.2025 09:05:51: Directory was added: New Folder/Programming languages
11.07.2025 09:05:51: Directory: /home/gabrys/Pulpit/replica/New Folder/Programming languages was copied successfully.
11.07.2025 09:05:51: File was added: New Folder/mmmm.txt
11.07.2025 09:05:51: File: /home/gabrys/Pulpit/original/New Folder/mmmm.txt was copied successfully to /home/gabrys/Pulpit/replica/New Folder/mmmm.txt.
11.07.2025 09:05:51: File was added: New Folder/Programming languages/Java ☕.txt
11.07.2025 09:05:51: File: /home/gabrys/Pulpit/original/New Folder/Programming languages/Java ☕.txt was copied successfully to /home/gabrys/Pulpit/replica/New Folder/Programming languages/Java ☕.txt.
11.07.2025 09:05:51: File was added: New Folder/Programming languages/Rust 🦀.txt
11.07.2025 09:05:51: File: /home/gabrys/Pulpit/original/New Folder/Programming languages/Rust 🦀.txt was copied successfully to /home/gabrys/Pulpit/replica/New Folder/Programming languages/Rust 🦀.txt.
11.07.2025 09:05:51: File was deleted: wp2252094-persian-cat-wallpapers.jpg
11.07.2025 09:05:51: File: wp2252094-persian-cat-wallpapers.jpg was deleted successfully.
11.07.2025 09:05:51: File was deleted: wp2656937.png
11.07.2025 09:05:51: File: wp2656937.png was deleted successfully.
11.07.2025 09:20:09: Directory was added: Small Folder
11.07.2025 09:20:09: Directory: /home/gabrys/Pulpit/replica/Small Folder was copied successfully.
11.07.2025 09:20:09: File was added: Small Folder/Emojis: 😊😊😊🦍.txt
11.07.2025 09:20:09: Copying file /home/gabrys/Pulpit/original/Small Folder/Emojis: 😊😊😊🦍.txt to /home/gabrys/Pulpit/replica/Small Folder/Emojis: 😊😊😊🦍.txt...
11.07.2025 09:20:09: File: /home/gabrys/Pulpit/original/Small Folder/Emojis: 😊😊😊🦍.txt was copied successfully to /home/gabrys/Pulpit/replica/Small Folder/Emojis: 😊😊😊🦍.txt.
11.07.2025 09:20:09: Directory was added: Small Folder/Programming languages
11.07.2025 09:20:09: Directory: /home/gabrys/Pulpit/replica/Small Folder/Programming languages was copied successfully.
11.07.2025 09:20:09: File was added: Small Folder/mmmm.txt
11.07.2025 09:20:09: Copying file /home/gabrys/Pulpit/original/Small Folder/mmmm.txt to /home/gabrys/Pulpit/replica/Small Folder/mmmm.txt...
11.07.2025 09:20:09: File: /home/gabrys/Pulpit/original/Small Folder/mmmm.txt was copied successfully to /home/gabrys/Pulpit/replica/Small Folder/mmmm.txt.
11.07.2025 09:20:09: File was added: Small Folder/Programming languages/Java ☕.txt
11.07.2025 09:20:09: Copying file /home/gabrys/Pulpit/original/Small Folder/Programming languages/Java ☕.txt to /home/gabrys/Pulpit/replica/Small Folder/Programming languages/Java ☕.txt...
11.07.2025 09:20:09: File: /home/gabrys/Pulpit/original/Small Folder/Programming languages/Java ☕.txt was copied successfully to /home/gabrys/Pulpit/replica/Small Folder/Programming languages/Java ☕.txt.
11.07.2025 09:20:09: File was added: Small Folder/Programming languages/Rust 🦀.txt
11.07.2025 09:20:09: Copying file /home/gabrys/Pulpit/original/Small Folder/Programming languages/Rust 🦀.txt to /home/gabrys/Pulpit/replica/Small Folder/Programming languages/Rust 🦀.txt...
11.07.2025 09:20:09: File: /home/gabrys/Pulpit/original/Small Folder/Programming languages/Rust 🦀.txt was copied successfully to /home/gabrys/Pulpit/replica/Small Folder/Programming languages/Rust 🦀.txt.
11.07.2025 09:20:09: File was deleted: New Folder/Programming languages/Java ☕.txt
11.07.2025 09:20:09: File: New Folder/Programming languages/Java ☕.txt was deleted successfully.
11.07.2025 09:20:09: File was deleted: New Folder/Programming languages/Rust 🦀.txt
11.07.2025 09:20:09: File: New Folder/Programming languages/Rust 🦀.txt was deleted successfully.
11.07.2025 09:20:09: File was deleted: New Folder/Emojis: 😊😊😊🦍.txt
11.07.2025 09:20:09: File: New Folder/Emojis: 😊😊😊🦍.txt was deleted successfully.
11.07.2025 09:20:09: File was deleted: New Folder/Programming languages
11.07.2025 09:20:09: Directory: New Folder/Programming languages was deleted successfully.
11.07.2025 09:20:09: File was deleted: New Folder/mmmm.txt
11.07.2025 09:20:09: File: New Folder/mmmm.txt was deleted successfully.
11.07.2025 09:20:09: File was deleted: New Folder
11.07.2025 09:20:09: Directory: New Folder was deleted successfully.
